{"timestamp":"2026-04-05T22:00:25.099489Z","level":"info","event":"Stats instance was created in PID 7 but accessed in PID 74. Re-initializing.","logger":"airflow.stats","filename":"stats.py","lineno":57}
{"timestamp":"2026-04-05T22:00:25.401092Z","level":"info","event":"DAG bundles loaded: dags-folder, example_dags","logger":"airflow.dag_processing.bundles.manager.DagBundlesManager","filename":"manager.py","lineno":179}
{"timestamp":"2026-04-05T22:00:25.401606Z","level":"info","event":"Filling up the DagBag from /opt/airflow/dags/hello_world_dag.py","logger":"airflow.models.dagbag.BundleDagBag","filename":"dagbag.py","lineno":593}
{"timestamp":"2026-04-05T22:00:25.406148Z","level":"warning","event":"The `airflow.operators.python.PythonOperator` attribute is deprecated. Please use `'airflow.providers.standard.operators.python.PythonOperator'`.","category":"DeprecatedImportWarning","filename":"/opt/airflow/dags/hello_world_dag.py","lineno":3,"logger":"py.warnings"}
{"timestamp":"2026-04-05T22:00:25.455179Z","level":"info","event":"Task instance is in running state","logger":"task.stdout"}
{"timestamp":"2026-04-05T22:00:25.455376Z","level":"info","event":" Previous state of the Task instance: TaskInstanceState.QUEUED","logger":"task.stdout"}
{"timestamp":"2026-04-05T22:00:25.455521Z","level":"info","event":"Current task name:print_hello_task","logger":"task.stdout"}
{"timestamp":"2026-04-05T22:00:25.455600Z","level":"info","event":"Dag name:hello_world_v3","logger":"task.stdout"}
{"timestamp":"2026-04-05T22:00:25.457477Z","level":"info","event":"Hello World from Airflow 3.1.8!","logger":"task.stdout"}
{"timestamp":"2026-04-05T22:00:25.457504Z","level":"info","event":"Done. Returned value was: Task completed","logger":"airflow.task.operators.airflow.providers.standard.operators.python.PythonOperator","filename":"python.py","lineno":230}
{"timestamp":"2026-04-05T22:00:25.457716Z","level":"info","event":"Pushing xcom","ti":"RuntimeTaskInstance(id=UUID('019d5fa8-fd44-7129-8227-d52af7290ed5'), task_id='print_hello_task', dag_id='hello_world_v3', run_id='scheduled__2026-04-05T22:00:00+00:00', try_number=1, dag_version_id=UUID('019d5f48-f975-7dfe-8052-754db1b42cbc'), map_index=-1, hostname='a491806d6738', context_carrier={}, task=<Task(PythonOperator): print_hello_task>, bundle_instance=LocalDagBundle(name=dags-folder), max_tries=0, start_date=datetime.datetime(2026, 4, 5, 22, 0, 22, 895054, tzinfo=datetime.timezone.utc), end_date=None, state=<TaskInstanceState.RUNNING: 'running'>, is_mapped=False, rendered_map_index=None)","logger":"task","filename":"task_runner.py","lineno":1573}
{"timestamp":"2026-04-05T22:00:25.509872Z","level":"info","event":"Task instance in success state","logger":"task.stdout"}
{"timestamp":"2026-04-05T22:00:25.509969Z","level":"info","event":" Previous state of the Task instance: TaskInstanceState.RUNNING","logger":"task.stdout"}
{"timestamp":"2026-04-05T22:00:25.510125Z","level":"info","event":"Task operator:<Task(PythonOperator): print_hello_task>","logger":"task.stdout"}
{"timestamp":"2026-04-05T22:11:24.397441Z","level":"info","event":"Stats instance was created in PID 7 but accessed in PID 76. Re-initializing.","logger":"airflow.stats","filename":"stats.py","lineno":57}
{"timestamp":"2026-04-05T22:11:24.417681Z","level":"info","event":"DAG bundles loaded: dags-folder","logger":"airflow.dag_processing.bundles.manager.DagBundlesManager","filename":"manager.py","lineno":179}
{"timestamp":"2026-04-05T22:11:24.418184Z","level":"info","event":"Filling up the DagBag from /opt/airflow/dags/hello_world_dag.py","logger":"airflow.models.dagbag.BundleDagBag","filename":"dagbag.py","lineno":593}
{"timestamp":"2026-04-05T22:11:24.435766Z","level":"warning","event":"The `airflow.operators.python.PythonOperator` attribute is deprecated. Please use `'airflow.providers.standard.operators.python.PythonOperator'`.","category":"DeprecatedImportWarning","filename":"/opt/airflow/dags/hello_world_dag.py","lineno":3,"logger":"py.warnings"}
{"timestamp":"2026-04-05T22:11:24.525612Z","level":"info","event":"Hello World from Airflow 3.1.8!","logger":"task.stdout"}
{"timestamp":"2026-04-05T22:11:24.525594Z","level":"info","event":"Done. Returned value was: Task completed","logger":"airflow.task.operators.airflow.providers.standard.operators.python.PythonOperator","filename":"python.py","lineno":230}
{"timestamp":"2026-04-05T22:11:24.525752Z","level":"info","event":"Pushing xcom","ti":"RuntimeTaskInstance(id=UUID('019d5fb3-3d18-73ee-9391-dca9d4d5b0c1'), task_id='print_hello_task', dag_id='hello_world_v3', run_id='scheduled__2026-04-05T22:00:00+00:00', try_number=1, dag_version_id=UUID('019d5fb2-d366-7ad4-9246-4c8894dba328'), map_index=-1, hostname='7b3c4613c798', context_carrier={}, task=<Task(PythonOperator): print_hello_task>, bundle_instance=LocalDagBundle(name=dags-folder), max_tries=0, start_date=datetime.datetime(2026, 4, 5, 22, 11, 22, 453264, tzinfo=datetime.timezone.utc), end_date=None, state=<TaskInstanceState.RUNNING: 'running'>, is_mapped=False, rendered_map_index=None)","logger":"task","filename":"task_runner.py","lineno":1573}
